<?xml version='1.0' encoding='UTF-8' ?>
<testsuite errors="0" failures="0" hostname="Nicks-MacBook-Air.local" name="UITestingDemoUITests" tests="1" time="17.124" timestamp="2015-09-18 11:09:07 -0500"><testcase classname='UITestingDemoUITests' name='testQueryScene' time='17.122' />
</testsuite>
