<?xml version='1.0' encoding='UTF-8' ?>
<testsuite errors="0" failures="0" hostname="Nicks-MacBook-Air.local" name="UITestingDemoUITests" tests="1" time="10.842" timestamp="2015-09-16 15:34:40 -0500"><testcase classname='UITestingDemoUITests' name='testQueryScene' time='10.84' />
</testsuite>
